5298.9
5201.9
5119.3
5026.0
4930.3
4852.7
4762.2
4669.8
4578.4
4485.0
4398.6
4312.2
4220.7
4128.5
4032.3
3939.5
3847.0
3754.9
3661.2
3568.8
3474.9
3382.4
3289.5
3198.2
3106.9
3017.9
2926.0
2837.9
2741.0
2651.7
2556.5
2466.2
2372.7
2279.8
2187.1
2093.1
1998.9
1905.4
1813.6
1718.3
1625.6
1536.5
1444.4
1352.9
1259.9
1167.9
1077.1
986.1
894.8
802.4
710.2
617.4
525.9
433.6
343.8
252.2
160.2
119.9
123.3
120.3
130.2
127.7
127.1
128.4
122.3
122.7
121.5
123.5
164.3
177.4
155.2
183.3
176.4
151.3
154.8
116.9
130.7
116.2
154.0
190.9
147.7
180.5
115.3
