5207.6
5086.3
4966.4
4846.6
4727.0
4607.0
4486.4
4366.1
4246.5
4097.4
3915.8
3736.4
3558.7
3389.2
3222.4
3047.9
2876.1
2710.5
2545.2
2382.9
2223.2
2064.6
1904.8
1749.5
1596.1
1444.8
1293.9
1145.4
996.8
850.1
702.8
556.8
410.7
265.5
130.0
116.0
127.2
129.7
119.7
121.6
128.0
123.9
119.4
133.7
217.9
120.4
223.7
107.7
200.2
150.0
157.1
3965.6
3874.1
3783.8
3684.7
3594.8
3506.7
3418.1
3329.3
3240.0
3151.1
3062.1
2973.2
2884.1
2794.6
2705.2
2616.6
2528.0
2436.2
2321.1
2222.2
2133.4
2042.8
1951.5
1865.6
1738.6
1653.7
1534.2
1363.8
1189.4
1023.6
847.2
677.5
475.7
348.5
285.8
222.8
161.6
119.2
117.9
165.9
231.2
228.8
223.9
222.4
207.5
174.9
145.5
117.0
116.8
121.5
119.9
