1776.3
1776.3
1776.3
1776.3
1776.3
1776.3
1776.3
1776.3
1776.3
1776.3
1776.3
1776.3
1776.3
1776.3
1776.3
1776.3
1776.3
1776.3
1776.3
1776.3
1776.3
1776.3
1776.3
1776.3
1776.3
1776.3
1776.3
1776.3
1776.3
1776.3
1776.3
1776.3
1776.3
1776.3
1776.3
1776.0
1775.8
1775.8
1775.5
1775.5
1775.3
1774.5
1624.9
1409.3
1093.7
1030.2
718.8
711.1
379.7
216.8
0.0
0.0
0.1
0.1
0.1
0.4
0.4
0.4
0.4
0.4
0.4
0.4
0.4
0.4
0.4
0.5
0.5
0.5
0.5
2.6
4.1
4.9
4.9
4.9
4.9
5.6
5.6
5.6
5.6
7.6
7.9
8.8
8.8
8.8
8.8
8.9
8.9
8.9
0.0
0.0
0.0
0.0
0.1
0.1
0.1
0.3
0.3
0.3
0.0
0.0
0.0
0.0
